<?xml version="1.0" encoding="UTF-8"?>
<!-- Generated by org.testng.reporters.JUnitReportReporter -->
<testsuite hostname="LAPTOP-15V44FRF" failures="0" tests="1" name="code.TC_Login" time="92.613" errors="0" timestamp="2022-06-12T17:29:47 IST" skipped="0">
  <testcase classname="code.TC_Login" name="login_Test" time="92.613"/>
  <system-out/>
</testsuite> <!-- code.TC_Login -->
